This is pdfTeX, Version 3.1415926-2.5-1.40.14 (TeX Live 2013) (format=pdflatex 2016.10.7)  20 JUN 2017 15:57
entering extended mode
 restricted \write18 enabled.
 %&-line parsing enabled.
**fancyposter.tex
(./fancyposter.tex
LaTeX2e <2011/06/27>
Babel <v3.8m> and hyphenation patterns for english, dumylang, nohyphenation, lo
aded.
(/home/k1508759/texmf/tex/latex/poster/a0poster.cls
Document Class: a0poster 1997/05/07 v1.21b a0poster class (GK, MW)
(/usr/share/texlive/texmf-dist/tex/latex/base/article.cls
Document Class: article 2007/10/19 v1.4h Standard LaTeX document class
(/usr/share/texlive/texmf-dist/tex/latex/base/size10.clo
File: size10.clo 2007/10/19 v1.4h Standard LaTeX file (size option)
)
\c@part=\count79
\c@section=\count80
\c@subsection=\count81
\c@subsubsection=\count82
\c@paragraph=\count83
\c@subparagraph=\count84
\c@figure=\count85
\c@table=\count86
\abovecaptionskip=\skip41
\belowcaptionskip=\skip42
\bibindent=\dimen102
)
\xkoord=\count87
\ykoord=\count88
\xscale=\count89
\yscale=\count90
\tausch=\dimen103

(/home/k1508759/texmf/tex/latex/poster/a0size.sty
File: a0size.sty 1997/05/06 v1.21b a0poster class (GK, MW)
LaTeX Font Info:    Redeclaring symbol font `largesymbols' on input line 218.
LaTeX Font Info:    Overwriting symbol font `largesymbols' in version `normal'
(Font)                  OMX/cmex/m/n --> OMX/cmex/m/n on input line 218.
LaTeX Font Info:    Overwriting symbol font `largesymbols' in version `bold'
(Font)                  OMX/cmex/m/n --> OMX/cmex/m/n on input line 218.
\big@size=\dimen104
))
(/usr/share/texlive/texmf-dist/tex/latex/tools/multicol.sty
Package: multicol 2011/06/27 v1.7a multicolumn formatting (FMi)
\c@tracingmulticols=\count91
\mult@box=\box26
\multicol@leftmargin=\dimen105
\c@unbalance=\count92
\c@collectmore=\count93
\doublecol@number=\count94
\multicoltolerance=\count95
\multicolpretolerance=\count96
\full@width=\dimen106
\page@free=\dimen107
\premulticols=\dimen108
\postmulticols=\dimen109
\multicolsep=\skip43
\multicolbaselineskip=\skip44
\partial@page=\box27
\last@line=\box28
\mult@rightbox=\box29
\mult@grightbox=\box30
\mult@gfirstbox=\box31
\mult@firstbox=\box32
\@tempa=\box33
\@tempa=\box34
\@tempa=\box35
\@tempa=\box36
\@tempa=\box37
\@tempa=\box38
\@tempa=\box39
\@tempa=\box40
\@tempa=\box41
\@tempa=\box42
\@tempa=\box43
\@tempa=\box44
\@tempa=\box45
\@tempa=\box46
\@tempa=\box47
\@tempa=\box48
\@tempa=\box49
\c@columnbadness=\count97
\c@finalcolumnbadness=\count98
\last@try=\dimen110
\multicolovershoot=\dimen111
\multicolundershoot=\dimen112
\mult@nat@firstbox=\box50
\colbreak@box=\box51
\multicol@sort@counter=\count99
)
(/usr/share/texlive/texmf-dist/tex/latex/geometry/geometry.sty
Package: geometry 2010/09/12 v5.6 Page Geometry

(/usr/share/texlive/texmf-dist/tex/latex/graphics/keyval.sty
Package: keyval 1999/03/16 v1.13 key=value parser (DPC)
\KV@toks@=\toks14
)
(/usr/share/texlive/texmf-dist/tex/generic/oberdiek/ifpdf.sty
Package: ifpdf 2011/01/30 v2.3 Provides the ifpdf switch (HO)
Package ifpdf Info: pdfTeX in PDF mode is detected.
)
(/usr/share/texlive/texmf-dist/tex/generic/oberdiek/ifvtex.sty
Package: ifvtex 2010/03/01 v1.5 Detect VTeX and its facilities (HO)
Package ifvtex Info: VTeX not detected.
)
(/usr/share/texlive/texmf-dist/tex/generic/ifxetex/ifxetex.sty
Package: ifxetex 2010/09/12 v0.6 Provides ifxetex conditional
)
\Gm@cnth=\count100
\Gm@cntv=\count101
\c@Gm@tempcnt=\count102
\Gm@bindingoffset=\dimen113
\Gm@wd@mp=\dimen114
\Gm@odd@mp=\dimen115
\Gm@even@mp=\dimen116
\Gm@layoutwidth=\dimen117
\Gm@layoutheight=\dimen118
\Gm@layouthoffset=\dimen119
\Gm@layoutvoffset=\dimen120
\Gm@dimlist=\toks15
)
(/usr/share/texlive/texmf-dist/tex/latex/base/fontenc.sty
Package: fontenc 2005/09/27 v1.99g Standard LaTeX package

(/usr/share/texlive/texmf-dist/tex/latex/base/t1enc.def
File: t1enc.def 2005/09/27 v1.99g Standard LaTeX file
LaTeX Font Info:    Redeclaring font encoding T1 on input line 43.
))
(/usr/share/texlive/texmf-dist/tex/latex/base/textcomp.sty
Package: textcomp 2005/09/27 v1.99g Standard LaTeX package
Package textcomp Info: Sub-encoding information:
(textcomp)               5 = only ISO-Adobe without \textcurrency
(textcomp)               4 = 5 + \texteuro
(textcomp)               3 = 4 + \textohm
(textcomp)               2 = 3 + \textestimated + \textcurrency
(textcomp)               1 = TS1 - \textcircled - \t
(textcomp)               0 = TS1 (full)
(textcomp)             Font families with sub-encoding setting implement
(textcomp)             only a restricted character set as indicated.
(textcomp)             Family '?' is the default used for unknown fonts.
(textcomp)             See the documentation for details.
Package textcomp Info: Setting ? sub-encoding to TS1/1 on input line 71.

(/usr/share/texlive/texmf-dist/tex/latex/base/ts1enc.def
File: ts1enc.def 2001/06/05 v3.0e (jk/car/fm) Standard LaTeX file
)
LaTeX Info: Redefining \oldstylenums on input line 266.
Package textcomp Info: Setting cmr sub-encoding to TS1/0 on input line 281.
Package textcomp Info: Setting cmss sub-encoding to TS1/0 on input line 282.
Package textcomp Info: Setting cmtt sub-encoding to TS1/0 on input line 283.
Package textcomp Info: Setting cmvtt sub-encoding to TS1/0 on input line 284.
Package textcomp Info: Setting cmbr sub-encoding to TS1/0 on input line 285.
Package textcomp Info: Setting cmtl sub-encoding to TS1/0 on input line 286.
Package textcomp Info: Setting ccr sub-encoding to TS1/0 on input line 287.
Package textcomp Info: Setting ptm sub-encoding to TS1/4 on input line 288.
Package textcomp Info: Setting pcr sub-encoding to TS1/4 on input line 289.
Package textcomp Info: Setting phv sub-encoding to TS1/4 on input line 290.
Package textcomp Info: Setting ppl sub-encoding to TS1/3 on input line 291.
Package textcomp Info: Setting pag sub-encoding to TS1/4 on input line 292.
Package textcomp Info: Setting pbk sub-encoding to TS1/4 on input line 293.
Package textcomp Info: Setting pnc sub-encoding to TS1/4 on input line 294.
Package textcomp Info: Setting pzc sub-encoding to TS1/4 on input line 295.
Package textcomp Info: Setting bch sub-encoding to TS1/4 on input line 296.
Package textcomp Info: Setting put sub-encoding to TS1/5 on input line 297.
Package textcomp Info: Setting uag sub-encoding to TS1/5 on input line 298.
Package textcomp Info: Setting ugq sub-encoding to TS1/5 on input line 299.
Package textcomp Info: Setting ul8 sub-encoding to TS1/4 on input line 300.
Package textcomp Info: Setting ul9 sub-encoding to TS1/4 on input line 301.
Package textcomp Info: Setting augie sub-encoding to TS1/5 on input line 302.
Package textcomp Info: Setting dayrom sub-encoding to TS1/3 on input line 303.
Package textcomp Info: Setting dayroms sub-encoding to TS1/3 on input line 304.

Package textcomp Info: Setting pxr sub-encoding to TS1/0 on input line 305.
Package textcomp Info: Setting pxss sub-encoding to TS1/0 on input line 306.
Package textcomp Info: Setting pxtt sub-encoding to TS1/0 on input line 307.
Package textcomp Info: Setting txr sub-encoding to TS1/0 on input line 308.
Package textcomp Info: Setting txss sub-encoding to TS1/0 on input line 309.
Package textcomp Info: Setting txtt sub-encoding to TS1/0 on input line 310.
Package textcomp Info: Setting lmr sub-encoding to TS1/0 on input line 311.
Package textcomp Info: Setting lmdh sub-encoding to TS1/0 on input line 312.
Package textcomp Info: Setting lmss sub-encoding to TS1/0 on input line 313.
Package textcomp Info: Setting lmssq sub-encoding to TS1/0 on input line 314.
Package textcomp Info: Setting lmvtt sub-encoding to TS1/0 on input line 315.
Package textcomp Info: Setting qhv sub-encoding to TS1/0 on input line 316.
Package textcomp Info: Setting qag sub-encoding to TS1/0 on input line 317.
Package textcomp Info: Setting qbk sub-encoding to TS1/0 on input line 318.
Package textcomp Info: Setting qcr sub-encoding to TS1/0 on input line 319.
Package textcomp Info: Setting qcs sub-encoding to TS1/0 on input line 320.
Package textcomp Info: Setting qpl sub-encoding to TS1/0 on input line 321.
Package textcomp Info: Setting qtm sub-encoding to TS1/0 on input line 322.
Package textcomp Info: Setting qzc sub-encoding to TS1/0 on input line 323.
Package textcomp Info: Setting qhvc sub-encoding to TS1/0 on input line 324.
Package textcomp Info: Setting futs sub-encoding to TS1/4 on input line 325.
Package textcomp Info: Setting futx sub-encoding to TS1/4 on input line 326.
Package textcomp Info: Setting futj sub-encoding to TS1/4 on input line 327.
Package textcomp Info: Setting hlh sub-encoding to TS1/3 on input line 328.
Package textcomp Info: Setting hls sub-encoding to TS1/3 on input line 329.
Package textcomp Info: Setting hlst sub-encoding to TS1/3 on input line 330.
Package textcomp Info: Setting hlct sub-encoding to TS1/5 on input line 331.
Package textcomp Info: Setting hlx sub-encoding to TS1/5 on input line 332.
Package textcomp Info: Setting hlce sub-encoding to TS1/5 on input line 333.
Package textcomp Info: Setting hlcn sub-encoding to TS1/5 on input line 334.
Package textcomp Info: Setting hlcw sub-encoding to TS1/5 on input line 335.
Package textcomp Info: Setting hlcf sub-encoding to TS1/5 on input line 336.
Package textcomp Info: Setting pplx sub-encoding to TS1/3 on input line 337.
Package textcomp Info: Setting pplj sub-encoding to TS1/3 on input line 338.
Package textcomp Info: Setting ptmx sub-encoding to TS1/4 on input line 339.
Package textcomp Info: Setting ptmj sub-encoding to TS1/4 on input line 340.
)
(/usr/share/texlive/texmf-dist/tex/latex/psnfss/mathpazo.sty
Package: mathpazo 2005/04/12 PSNFSS-v9.2a Palatino w/ Pazo Math (D.Puga, WaS) 
\symupright=\mathgroup4
)
(/usr/share/texlive/texmf-dist/tex/latex/graphics/color.sty
Package: color 2005/11/14 v1.0j Standard LaTeX Color (DPC)

(/usr/share/texlive/texmf-dist/tex/latex/latexconfig/color.cfg
File: color.cfg 2007/01/18 v1.5 color configuration of teTeX/TeXLive
)
Package color Info: Driver file: pdftex.def on input line 130.

(/usr/share/texlive/texmf-dist/tex/latex/pdftex-def/pdftex.def
File: pdftex.def 2011/05/27 v0.06d Graphics/color for pdfTeX

(/usr/share/texlive/texmf-dist/tex/generic/oberdiek/infwarerr.sty
Package: infwarerr 2010/04/08 v1.3 Providing info/warning/error messages (HO)
)
(/usr/share/texlive/texmf-dist/tex/generic/oberdiek/ltxcmds.sty
Package: ltxcmds 2011/11/09 v1.22 LaTeX kernel commands for general use (HO)
)
\Gread@gobject=\count103
))
(/usr/share/texlive/texmf-dist/tex/latex/amsmath/amsmath.sty
Package: amsmath 2013/01/14 v2.14 AMS math features
\@mathmargin=\skip45

For additional information on amsmath, use the `?' option.
(/usr/share/texlive/texmf-dist/tex/latex/amsmath/amstext.sty
Package: amstext 2000/06/29 v2.01

(/usr/share/texlive/texmf-dist/tex/latex/amsmath/amsgen.sty
File: amsgen.sty 1999/11/30 v2.0
\@emptytoks=\toks16
\ex@=\dimen121
))
(/usr/share/texlive/texmf-dist/tex/latex/amsmath/amsbsy.sty
Package: amsbsy 1999/11/29 v1.2d
\pmbraise@=\dimen122
)
(/usr/share/texlive/texmf-dist/tex/latex/amsmath/amsopn.sty
Package: amsopn 1999/12/14 v2.01 operator names
)
\inf@bad=\count104
LaTeX Info: Redefining \frac on input line 210.
\uproot@=\count105
\leftroot@=\count106
LaTeX Info: Redefining \overline on input line 306.
\classnum@=\count107
\DOTSCASE@=\count108
LaTeX Info: Redefining \ldots on input line 378.
LaTeX Info: Redefining \dots on input line 381.
LaTeX Info: Redefining \cdots on input line 466.
\Mathstrutbox@=\box52
\strutbox@=\box53
\big@size=\dimen123
LaTeX Font Info:    Redeclaring font encoding OML on input line 566.
LaTeX Font Info:    Redeclaring font encoding OMS on input line 567.
\macc@depth=\count109
\c@MaxMatrixCols=\count110
\dotsspace@=\muskip10
\c@parentequation=\count111
\dspbrk@lvl=\count112
\tag@help=\toks17
\row@=\count113
\column@=\count114
\maxfields@=\count115
\andhelp@=\toks18
\eqnshift@=\dimen124
\alignsep@=\dimen125
\tagshift@=\dimen126
\tagwidth@=\dimen127
\totwidth@=\dimen128
\lineht@=\dimen129
\@envbody=\toks19
\multlinegap=\skip46
\multlinetaggap=\skip47
\mathdisplay@stack=\toks20
LaTeX Info: Redefining \[ on input line 2665.
LaTeX Info: Redefining \] on input line 2666.
)
\envbox=\box54

(/home/k1508759/texmf/tex/latex/physics/physics.sty
Package: physics 

(/usr/share/texlive/texmf-dist/tex/latex/l3packages/xparse/xparse.sty
(/usr/share/texlive/texmf-dist/tex/latex/l3kernel/expl3.sty
(/usr/share/texlive/texmf-dist/tex/latex/l3kernel/l3names.sty
(/usr/share/texlive/texmf-dist/tex/latex/l3kernel/l3bootstrap.sty
Package: l3bootstrap 2013/01/08 v4420 L3 Experimental bootstrap code
)
Package: l3names 2012/12/07 v4346 L3 Namespace for primitives
)
(/usr/share/texlive/texmf-dist/tex/latex/etex-pkg/etex.sty
Package: etex 1998/03/26 v2.0 eTeX basic definition package (PEB)
\et@xins=\count116
)
Package: expl3 2013/03/14 v4469 L3 Experimental code bundle wrapper

(/usr/share/texlive/texmf-dist/tex/latex/l3kernel/l3basics.sty
Package: l3basics 2013/01/10 v4428 L3 Basic definitions
)
(/usr/share/texlive/texmf-dist/tex/latex/l3kernel/l3expan.sty
Package: l3expan 2013/02/03 v4458 L3 Argument expansion
)
(/usr/share/texlive/texmf-dist/tex/latex/l3kernel/l3tl.sty
Package: l3tl 2013/01/08 v4415 L3 Token lists
)
(/usr/share/texlive/texmf-dist/tex/latex/l3kernel/l3seq.sty
Package: l3seq 2013/01/12 v4434 L3 Sequences and stacks
)
(/usr/share/texlive/texmf-dist/tex/latex/l3kernel/l3int.sty
Package: l3int 2013/01/13 v4444 L3 Integers
\c_max_int=\count117
\l_tmpa_int=\count118
\l_tmpb_int=\count119
\g_tmpa_int=\count120
\g_tmpb_int=\count121
)
(/usr/share/texlive/texmf-dist/tex/latex/l3kernel/l3quark.sty
Package: l3quark 2012/11/04 v4268 L3 Quarks
)
(/usr/share/texlive/texmf-dist/tex/latex/l3kernel/l3prg.sty
Package: l3prg 2013/02/13 v4459 L3 Control structures
\g__prg_map_int=\count122
)
(/usr/share/texlive/texmf-dist/tex/latex/l3kernel/l3clist.sty
Package: l3clist 2013/01/08 v4414 L3 Comma separated lists
)
(/usr/share/texlive/texmf-dist/tex/latex/l3kernel/l3token.sty
Package: l3token 2013/01/10 v4428 L3 Experimental token manipulation
)
(/usr/share/texlive/texmf-dist/tex/latex/l3kernel/l3prop.sty
Package: l3prop 2013/01/09 v4423 L3 Property lists
)
(/usr/share/texlive/texmf-dist/tex/latex/l3kernel/l3msg.sty
Package: l3msg 2013/01/08 v4412 L3 Messages
)
(/usr/share/texlive/texmf-dist/tex/latex/l3kernel/l3file.sty
Package: l3file 2013/01/14 v4446 L3 File and I/O operations
\l_iow_line_count_int=\count123
\l__iow_target_count_int=\count124
\l__iow_current_line_int=\count125
\l__iow_current_word_int=\count126
\l__iow_current_indentation_int=\count127
)
(/usr/share/texlive/texmf-dist/tex/latex/l3kernel/l3skip.sty
Package: l3skip 2013/01/13 v4444 L3 Dimensions and skips
\c_zero_dim=\dimen130
\c_max_dim=\dimen131
\l_tmpa_dim=\dimen132
\l_tmpb_dim=\dimen133
\g_tmpa_dim=\dimen134
\g_tmpb_dim=\dimen135
\c_zero_skip=\skip48
\c_max_skip=\skip49
\l_tmpa_skip=\skip50
\l_tmpb_skip=\skip51
\g_tmpa_skip=\skip52
\g_tmpb_skip=\skip53
\c_zero_muskip=\muskip11
\c_max_muskip=\muskip12
\l_tmpa_muskip=\muskip13
\l_tmpb_muskip=\muskip14
\g_tmpa_muskip=\muskip15
\g_tmpb_muskip=\muskip16
)
(/usr/share/texlive/texmf-dist/tex/latex/l3kernel/l3keys.sty
Package: l3keys 2013/02/24 v4461 L3 Experimental key-value interfaces
\g__keyval_level_int=\count128
\l_keys_choice_int=\count129
)
(/usr/share/texlive/texmf-dist/tex/latex/l3kernel/l3fp.sty
Package: l3fp 2013/01/19 v4449 L3 Floating points
\c__fp_leading_shift_int=\count130
\c__fp_middle_shift_int=\count131
\c__fp_trailing_shift_int=\count132
\c__fp_big_leading_shift_int=\count133
\c__fp_big_middle_shift_int=\count134
\c__fp_big_trailing_shift_int=\count135
\c__fp_Bigg_leading_shift_int=\count136
\c__fp_Bigg_middle_shift_int=\count137
\c__fp_Bigg_trailing_shift_int=\count138
)
(/usr/share/texlive/texmf-dist/tex/latex/l3kernel/l3box.sty
Package: l3box 2013/01/08 v4411 L3 Experimental boxes
\c_empty_box=\box55
\l_tmpa_box=\box56
\l_tmpb_box=\box57
\g_tmpa_box=\box58
\g_tmpb_box=\box59
)
(/usr/share/texlive/texmf-dist/tex/latex/l3kernel/l3coffins.sty
Package: l3coffins 2012/09/09 v4212 L3 Coffin code layer
\l__coffin_internal_box=\box60
\l__coffin_internal_dim=\dimen136
\l__coffin_offset_x_dim=\dimen137
\l__coffin_offset_y_dim=\dimen138
\l__coffin_x_dim=\dimen139
\l__coffin_y_dim=\dimen140
\l__coffin_x_prime_dim=\dimen141
\l__coffin_y_prime_dim=\dimen142
\c_empty_coffin=\box61
\l__coffin_aligned_coffin=\box62
\l__coffin_aligned_internal_coffin=\box63
\l_tmpa_coffin=\box64
\l_tmpb_coffin=\box65
\l__coffin_display_coffin=\box66
\l__coffin_display_coord_coffin=\box67
\l__coffin_display_pole_coffin=\box68
\l__coffin_display_offset_dim=\dimen143
\l__coffin_display_x_dim=\dimen144
\l__coffin_display_y_dim=\dimen145
)
(/usr/share/texlive/texmf-dist/tex/latex/l3kernel/l3color.sty
Package: l3color 2012/08/29 v4156 L3 Experimental color support
)
(/usr/share/texlive/texmf-dist/tex/latex/l3kernel/l3luatex.sty
Package: l3luatex 2012/08/03 v4049 L3 Experimental LuaTeX-specific functions
\g__cctab_allocate_int=\count139
\g__cctab_stack_int=\count140
)
(/usr/share/texlive/texmf-dist/tex/latex/l3kernel/l3candidates.sty
Package: l3candidates 2013/03/14 v4468 L3 Experimental additions to l3kernel
\l__box_top_dim=\dimen146
\l__box_bottom_dim=\dimen147
\l__box_left_dim=\dimen148
\l__box_right_dim=\dimen149
\l__box_top_new_dim=\dimen150
\l__box_bottom_new_dim=\dimen151
\l__box_left_new_dim=\dimen152
\l__box_right_new_dim=\dimen153
\l__box_internal_box=\box69
\l__coffin_bounding_shift_dim=\dimen154
\l__coffin_left_corner_dim=\dimen155
\l__coffin_right_corner_dim=\dimen156
\l__coffin_bottom_corner_dim=\dimen157
\l__coffin_top_corner_dim=\dimen158
\l__coffin_scaled_total_height_dim=\dimen159
\l__coffin_scaled_width_dim=\dimen160
))
Package: xparse 2013/03/12 v4467 L3 Experimental document command parser
\l__xparse_current_arg_int=\count141
\l__xparse_m_args_int=\count142
\l__xparse_mandatory_args_int=\count143
\l__xparse_processor_int=\count144
\l__xparse_v_nesting_int=\count145
)
.................................................
. LaTeX info: "xparse/define-command"
. 
. Defining document command \vnabla with arg. spec. '' on line 25.
.................................................
.................................................
. LaTeX info: "xparse/define-command"
. 
. Defining document command \varE with arg. spec. '' on line 29.
.................................................
.................................................
. LaTeX info: "xparse/define-command"
. 
. Defining document command \ordersymbol with arg. spec. '' on line 30.
.................................................
.................................................
. LaTeX info: "xparse/define-command"
. 
. Defining document command \lparen with arg. spec. '' on line 31.
.................................................
.................................................
. LaTeX info: "xparse/define-command"
. 
. Defining document command \rparen with arg. spec. '' on line 32.
.................................................
.................................................
. LaTeX info: "xparse/define-command"
. 
. Defining document command \quantity with arg. spec. '' on line 35.
.................................................
.................................................
. LaTeX info: "xparse/define-command"
. 
. Defining document command \@quantity with arg. spec. ' t\big t\Big t\bigg
. t\Bigg g o d() d|| ' on line 62.
.................................................
.................................................
. LaTeX info: "xparse/define-command"
. 
. Defining document command \qty with arg. spec. '' on line 63.
.................................................
.................................................
. LaTeX info: "xparse/define-command"
. 
. Defining document command \pqty with arg. spec. ' l m ' on line 64.
.................................................
.................................................
. LaTeX info: "xparse/define-command"
. 
. Defining document command \bqty with arg. spec. ' l m ' on line 65.
.................................................
.................................................
. LaTeX info: "xparse/define-command"
. 
. Defining document command \Bqty with arg. spec. ' l m ' on line 66.
.................................................
.................................................
. LaTeX info: "xparse/define-command"
. 
. Defining document command \vqty with arg. spec. ' l m ' on line 67.
.................................................
.................................................
. LaTeX info: "xparse/define-command"
. 
. Defining document command \pmqty with arg. spec. 'm' on line 70.
.................................................
.................................................
. LaTeX info: "xparse/define-command"
. 
. Defining document command \Pmqty with arg. spec. 'm' on line 71.
.................................................
.................................................
. LaTeX info: "xparse/define-command"
. 
. Defining document command \bmqty with arg. spec. 'm' on line 72.
.................................................
.................................................
. LaTeX info: "xparse/define-command"
. 
. Defining document command \vmqty with arg. spec. 'm' on line 73.
.................................................
.................................................
. LaTeX info: "xparse/define-command"
. 
. Defining document command \matrixquantity with arg. spec. '' on line 74.
.................................................
.................................................
. LaTeX info: "xparse/define-command"
. 
. Defining document command \@matrixquantity with arg. spec. ' s g o d() d|| '
. on line 100.
.................................................
.................................................
. LaTeX info: "xparse/define-command"
. 
. Defining document command \mqty with arg. spec. '' on line 101.
.................................................
.................................................
. LaTeX info: "xparse/define-command"
. 
. Defining document command \matrixdeterminant with arg. spec. 'm' on line
. 102.
.................................................
.................................................
. LaTeX info: "xparse/define-command"
. 
. Defining document command \mdet with arg. spec. '' on line 103.
.................................................
.................................................
. LaTeX info: "xparse/define-command"
. 
. Defining document command \spmqty with arg. spec. 'm' on line 105.
.................................................
.................................................
. LaTeX info: "xparse/define-command"
. 
. Defining document command \sPmqty with arg. spec. 'm' on line 106.
.................................................
.................................................
. LaTeX info: "xparse/define-command"
. 
. Defining document command \sbmqty with arg. spec. 'm' on line 107.
.................................................
.................................................
. LaTeX info: "xparse/define-command"
. 
. Defining document command \svmqty with arg. spec. 'm' on line 108.
.................................................
.................................................
. LaTeX info: "xparse/define-command"
. 
. Defining document command \smallmatrixquantity with arg. spec. ' s g o d()
. d|| ' on line 133.
.................................................
.................................................
. LaTeX info: "xparse/define-command"
. 
. Defining document command \smqty with arg. spec. '' on line 134.
.................................................
.................................................
. LaTeX info: "xparse/define-command"
. 
. Defining document command \smallmatrixdeterminant with arg. spec. 'm' on
. line 135.
.................................................
.................................................
. LaTeX info: "xparse/define-command"
. 
. Defining document command \smdet with arg. spec. '' on line 136.
.................................................
.................................................
. LaTeX info: "xparse/define-command"
. 
. Defining document command \argopen with arg. spec. 's' on line 138.
.................................................
.................................................
. LaTeX info: "xparse/define-command"
. 
. Defining document command \argclose with arg. spec. 's' on line 139.
.................................................
.................................................
. LaTeX info: "xparse/define-command"
. 
. Defining document command \braces with arg. spec. '' on line 141.
.................................................
.................................................
. LaTeX info: "xparse/define-command"
. 
. Defining document command \@braces with arg. spec. ' s t\big t\Big t\bigg
. t\Bigg m m m ' on line 156.
.................................................
.................................................
. LaTeX info: "xparse/define-command"
. 
. Defining document command \fbraces with arg. spec. ' s t\big t\Big t\bigg
. t\Bigg m m m m ' on line 174.
.................................................
.................................................
. LaTeX info: "xparse/define-command"
. 
. Defining document command \absolutevalue with arg. spec. ' l m ' on line
. 176.
.................................................
.................................................
. LaTeX info: "xparse/define-command"
. 
. Defining document command \abs with arg. spec. '' on line 177.
.................................................
.................................................
. LaTeX info: "xparse/define-command"
. 
. Defining document command \norm with arg. spec. ' l m ' on line 178.
.................................................
.................................................
. LaTeX info: "xparse/define-command"
. 
. Defining document command \order with arg. spec. ' l m ' on line 179.
.................................................
.................................................
. LaTeX info: "xparse/define-command"
. 
. Defining document command \evaluated with arg. spec. ' s g d[| d(| ' on line
. 194.
.................................................
.................................................
. LaTeX info: "xparse/define-command"
. 
. Defining document command \eval with arg. spec. '' on line 195.
.................................................
.................................................
. LaTeX info: "xparse/define-command"
. 
. Defining document command \poissonbracket with arg. spec. ' l m m ' on line
. 197.
.................................................
.................................................
. LaTeX info: "xparse/define-command"
. 
. Defining document command \pb with arg. spec. '' on line 198.
.................................................
.................................................
. LaTeX info: "xparse/define-command"
. 
. Defining document command \commutator with arg. spec. ' l m m ' on line 201.
.................................................
.................................................
. LaTeX info: "xparse/define-command"
. 
. Defining document command \comm with arg. spec. '' on line 202.
.................................................
.................................................
. LaTeX info: "xparse/define-command"
. 
. Defining document command \anticommutator with arg. spec. ' l m m ' on line
. 203.
.................................................
.................................................
. LaTeX info: "xparse/define-command"
. 
. Defining document command \acommutator with arg. spec. '' on line 204.
.................................................
.................................................
. LaTeX info: "xparse/define-command"
. 
. Defining document command \acomm with arg. spec. '' on line 205.
.................................................
.................................................
. LaTeX info: "xparse/define-command"
. 
. Defining document command \vectorbold with arg. spec. ' s m ' on line 208.
.................................................
.................................................
. LaTeX info: "xparse/define-command"
. 
. Defining document command \vb with arg. spec. '' on line 209.
.................................................
.................................................
. LaTeX info: "xparse/define-command"
. 
. Defining document command \vectorarrow with arg. spec. ' s m ' on line 211.
.................................................
.................................................
. LaTeX info: "xparse/define-command"
. 
. Defining document command \va with arg. spec. '' on line 212.
.................................................
.................................................
. LaTeX info: "xparse/define-command"
. 
. Defining document command \vectorunit with arg. spec. ' s m ' on line 214.
.................................................
.................................................
. LaTeX info: "xparse/define-command"
. 
. Defining document command \vu with arg. spec. '' on line 215.
.................................................
.................................................
. LaTeX info: "xparse/define-command"
. 
. Defining document command \dotproduct with arg. spec. '' on line 217.
.................................................
.................................................
. LaTeX info: "xparse/define-command"
. 
. Defining document command \vdot with arg. spec. '' on line 218.
.................................................
.................................................
. LaTeX info: "xparse/define-command"
. 
. Defining document command \crossproduct with arg. spec. '' on line 220.
.................................................
.................................................
. LaTeX info: "xparse/define-command"
. 
. Defining document command \cross with arg. spec. '' on line 221.
.................................................
.................................................
. LaTeX info: "xparse/define-command"
. 
. Defining document command \cp with arg. spec. '' on line 222.
.................................................
.................................................
. LaTeX info: "xparse/define-command"
. 
. Defining document command \gradient with arg. spec. ' g o d() ' on line 232.
.................................................
.................................................
. LaTeX info: "xparse/define-command"
. 
. Defining document command \grad with arg. spec. '' on line 233.
.................................................
.................................................
. LaTeX info: "xparse/define-command"
. 
. Defining document command \divergence with arg. spec. ' g o d() ' on line
. 243.
.................................................
.................................................
. LaTeX info: "xparse/define-command"
. 
. Defining document command \div with arg. spec. '' on line 246.
.................................................
.................................................
. LaTeX info: "xparse/define-command"
. 
. Defining document command \curl with arg. spec. ' g o d() ' on line 256.
.................................................
.................................................
. LaTeX info: "xparse/define-command"
. 
. Defining document command \laplacian with arg. spec. ' g o d() ' on line
. 266.
.................................................
.................................................
. LaTeX info: "xparse/define-command"
. 
. Defining document command \principalvalue with arg. spec. 'g' on line 274.
.................................................
.................................................
. LaTeX info: "xparse/define-command"
. 
. Defining document command \pv with arg. spec. '' on line 275.
.................................................
.................................................
. LaTeX info: "xparse/define-command"
. 
. Defining document command \PV with arg. spec. 'g' on line 276.
.................................................

*************************************************
* LaTeX warning: "xparse/redefine-command"
* 
* Redefining document command \Re with arg. spec. 'g' on line 277.
*************************************************
*************************************************
* LaTeX warning: "xparse/redefine-command"
* 
* Redefining document command \Im with arg. spec. 'g' on line 278.
*************************************************
.................................................
. LaTeX info: "xparse/define-command"
. 
. Defining document command \opbraces with arg. spec. ' m g o d() ' on line
. 299.
.................................................
.................................................
. LaTeX info: "xparse/define-command"
. 
. Defining document command \trigbraces with arg. spec. ' m o d() ' on line
. 305.
.................................................
*************************************************
* LaTeX warning: "xparse/redefine-command"
* 
* Redefining document command \sin with arg. spec. '' on line 309.
*************************************************
*************************************************
* LaTeX warning: "xparse/redefine-command"
* 
* Redefining document command \cos with arg. spec. '' on line 310.
*************************************************
*************************************************
* LaTeX warning: "xparse/redefine-command"
* 
* Redefining document command \tan with arg. spec. '' on line 311.
*************************************************
*************************************************
* LaTeX warning: "xparse/redefine-command"
* 
* Redefining document command \csc with arg. spec. '' on line 312.
*************************************************
*************************************************
* LaTeX warning: "xparse/redefine-command"
* 
* Redefining document command \sec with arg. spec. '' on line 313.
*************************************************
*************************************************
* LaTeX warning: "xparse/redefine-command"
* 
* Redefining document command \cot with arg. spec. '' on line 314.
*************************************************
*************************************************
* LaTeX warning: "xparse/redefine-command"
* 
* Redefining document command \arcsin with arg. spec. '' on line 316.
*************************************************
*************************************************
* LaTeX warning: "xparse/redefine-command"
* 
* Redefining document command \arccos with arg. spec. '' on line 317.
*************************************************
*************************************************
* LaTeX warning: "xparse/redefine-command"
* 
* Redefining document command \arctan with arg. spec. '' on line 318.
*************************************************
.................................................
. LaTeX info: "xparse/define-command"
. 
. Defining document command \arccsc with arg. spec. '' on line 320.
.................................................
.................................................
. LaTeX info: "xparse/define-command"
. 
. Defining document command \arcsec with arg. spec. '' on line 322.
.................................................
.................................................
. LaTeX info: "xparse/define-command"
. 
. Defining document command \arccot with arg. spec. '' on line 324.
.................................................
.................................................
. LaTeX info: "xparse/define-command"
. 
. Defining document command \asin with arg. spec. '' on line 327.
.................................................
.................................................
. LaTeX info: "xparse/define-command"
. 
. Defining document command \acos with arg. spec. '' on line 329.
.................................................
.................................................
. LaTeX info: "xparse/define-command"
. 
. Defining document command \atan with arg. spec. '' on line 331.
.................................................
.................................................
. LaTeX info: "xparse/define-command"
. 
. Defining document command \acsc with arg. spec. '' on line 333.
.................................................
.................................................
. LaTeX info: "xparse/define-command"
. 
. Defining document command \asec with arg. spec. '' on line 335.
.................................................
.................................................
. LaTeX info: "xparse/define-command"
. 
. Defining document command \acot with arg. spec. '' on line 337.
.................................................
*************************************************
* LaTeX warning: "xparse/redefine-command"
* 
* Redefining document command \sinh with arg. spec. '' on line 339.
*************************************************
*************************************************
* LaTeX warning: "xparse/redefine-command"
* 
* Redefining document command \cosh with arg. spec. '' on line 340.
*************************************************
*************************************************
* LaTeX warning: "xparse/redefine-command"
* 
* Redefining document command \tanh with arg. spec. '' on line 341.
*************************************************
.................................................
. LaTeX info: "xparse/define-command"
. 
. Defining document command \csch with arg. spec. '' on line 343.
.................................................
.................................................
. LaTeX info: "xparse/define-command"
. 
. Defining document command \sech with arg. spec. '' on line 345.
.................................................
*************************************************
* LaTeX warning: "xparse/redefine-command"
* 
* Redefining document command \coth with arg. spec. '' on line 346.
*************************************************
*************************************************
* LaTeX warning: "xparse/redefine-command"
* 
* Redefining document command \exp with arg. spec. '' on line 348.
*************************************************
*************************************************
* LaTeX warning: "xparse/redefine-command"
* 
* Redefining document command \log with arg. spec. '' on line 349.
*************************************************
*************************************************
* LaTeX warning: "xparse/redefine-command"
* 
* Redefining document command \ln with arg. spec. '' on line 350.
*************************************************
*************************************************
* LaTeX warning: "xparse/redefine-command"
* 
* Redefining document command \det with arg. spec. '' on line 351.
*************************************************
*************************************************
* LaTeX warning: "xparse/redefine-command"
* 
* Redefining document command \Pr with arg. spec. '' on line 352.
*************************************************
.................................................
. LaTeX info: "xparse/define-command"
. 
. Defining document command \tr with arg. spec. '' on line 353.
.................................................
.................................................
. LaTeX info: "xparse/define-command"
. 
. Defining document command \Tr with arg. spec. '' on line 354.
.................................................
.................................................
. LaTeX info: "xparse/define-command"
. 
. Defining document command \Res with arg. spec. '' on line 355.
.................................................
.................................................
. LaTeX info: "xparse/define-command"
. 
. Defining document command \qqtext with arg. spec. ' s m ' on line 377.
.................................................
.................................................
. LaTeX info: "xparse/define-command"
. 
. Defining document command \qq with arg. spec. '' on line 378.
.................................................
.................................................
. LaTeX info: "xparse/define-command"
. 
. Defining document command \qcomma with arg. spec. '' on line 380.
.................................................
.................................................
. LaTeX info: "xparse/define-command"
. 
. Defining document command \qc with arg. spec. '' on line 381.
.................................................
.................................................
. LaTeX info: "xparse/define-command"
. 
. Defining document command \qif with arg. spec. 's' on line 383.
.................................................
.................................................
. LaTeX info: "xparse/define-command"
. 
. Defining document command \qthen with arg. spec. 's' on line 384.
.................................................
.................................................
. LaTeX info: "xparse/define-command"
. 
. Defining document command \qelse with arg. spec. 's' on line 385.
.................................................
.................................................
. LaTeX info: "xparse/define-command"
. 
. Defining document command \qotherwise with arg. spec. 's' on line 386.
.................................................
.................................................
. LaTeX info: "xparse/define-command"
. 
. Defining document command \qunless with arg. spec. 's' on line 387.
.................................................
.................................................
. LaTeX info: "xparse/define-command"
. 
. Defining document command \qgiven with arg. spec. 's' on line 388.
.................................................
.................................................
. LaTeX info: "xparse/define-command"
. 
. Defining document command \qusing with arg. spec. 's' on line 389.
.................................................
.................................................
. LaTeX info: "xparse/define-command"
. 
. Defining document command \qassume with arg. spec. 's' on line 390.
.................................................
.................................................
. LaTeX info: "xparse/define-command"
. 
. Defining document command \qsince with arg. spec. 's' on line 391.
.................................................
.................................................
. LaTeX info: "xparse/define-command"
. 
. Defining document command \qlet with arg. spec. 's' on line 392.
.................................................
.................................................
. LaTeX info: "xparse/define-command"
. 
. Defining document command \qfor with arg. spec. 's' on line 393.
.................................................
.................................................
. LaTeX info: "xparse/define-command"
. 
. Defining document command \qall with arg. spec. 's' on line 394.
.................................................
.................................................
. LaTeX info: "xparse/define-command"
. 
. Defining document command \qeven with arg. spec. 's' on line 395.
.................................................
.................................................
. LaTeX info: "xparse/define-command"
. 
. Defining document command \qodd with arg. spec. 's' on line 396.
.................................................
.................................................
. LaTeX info: "xparse/define-command"
. 
. Defining document command \qinteger with arg. spec. 's' on line 397.
.................................................
.................................................
. LaTeX info: "xparse/define-command"
. 
. Defining document command \qand with arg. spec. 's' on line 398.
.................................................
.................................................
. LaTeX info: "xparse/define-command"
. 
. Defining document command \qor with arg. spec. 's' on line 399.
.................................................
.................................................
. LaTeX info: "xparse/define-command"
. 
. Defining document command \qas with arg. spec. 's' on line 400.
.................................................
.................................................
. LaTeX info: "xparse/define-command"
. 
. Defining document command \qin with arg. spec. 's' on line 401.
.................................................
.................................................
. LaTeX info: "xparse/define-command"
. 
. Defining document command \qcc with arg. spec. 's' on line 402.
.................................................
.................................................
. LaTeX info: "xparse/define-command"
. 
. Defining document command \differential with arg. spec. ' o g d() ' on line
. 415.
.................................................
.................................................
. LaTeX info: "xparse/define-command"
. 
. Defining document command \dd with arg. spec. '' on line 416.
.................................................
.................................................
. LaTeX info: "xparse/define-command"
. 
. Defining document command \derivative with arg. spec. ' s o m g d() ' on
. line 435.
.................................................
.................................................
. LaTeX info: "xparse/define-command"
. 
. Defining document command \dv with arg. spec. '' on line 436.
.................................................
.................................................
. LaTeX info: "xparse/define-command"
. 
. Defining document command \partialderivative with arg. spec. ' s o m g g d()
. ' on line 460.
.................................................
.................................................
. LaTeX info: "xparse/define-command"
. 
. Defining document command \pderivative with arg. spec. '' on line 461.
.................................................
.................................................
. LaTeX info: "xparse/define-command"
. 
. Defining document command \pdv with arg. spec. '' on line 462.
.................................................
.................................................
. LaTeX info: "xparse/define-command"
. 
. Defining document command \variation with arg. spec. ' o g d() ' on line
. 474.
.................................................
.................................................
. LaTeX info: "xparse/define-command"
. 
. Defining document command \var with arg. spec. '' on line 475.
.................................................
.................................................
. LaTeX info: "xparse/define-command"
. 
. Defining document command \functionalderivative with arg. spec. ' s o m g
. d() ' on line 494.
.................................................
.................................................
. LaTeX info: "xparse/define-command"
. 
. Defining document command \fderivative with arg. spec. '' on line 495.
.................................................
.................................................
. LaTeX info: "xparse/define-command"
. 
. Defining document command \fdv with arg. spec. '' on line 496.
.................................................
.................................................
. LaTeX info: "xparse/define-command"
. 
. Defining document command \bra with arg. spec. ' s m t\ket s g ' on line
. 526.
.................................................
.................................................
. LaTeX info: "xparse/define-command"
. 
. Defining document command \ket with arg. spec. ' s m ' on line 533.
.................................................
.................................................
. LaTeX info: "xparse/define-command"
. 
. Defining document command \innerproduct with arg. spec. ' s m g ' on line
. 548.
.................................................
.................................................
. LaTeX info: "xparse/define-command"
. 
. Defining document command \braket with arg. spec. '' on line 549.
.................................................
.................................................
. LaTeX info: "xparse/define-command"
. 
. Defining document command \ip with arg. spec. '' on line 550.
.................................................
.................................................
. LaTeX info: "xparse/define-command"
. 
. Defining document command \outerproduct with arg. spec. ' s m g ' on line
. 565.
.................................................
.................................................
. LaTeX info: "xparse/define-command"
. 
. Defining document command \dyad with arg. spec. '' on line 566.
.................................................
.................................................
. LaTeX info: "xparse/define-command"
. 
. Defining document command \op with arg. spec. '' on line 567.
.................................................
.................................................
. LaTeX info: "xparse/define-command"
. 
. Defining document command \ketbra with arg. spec. '' on line 568.
.................................................
.................................................
. LaTeX info: "xparse/define-command"
. 
. Defining document command \expectationvalue with arg. spec. ' s s m g ' on
. line 587.
.................................................
.................................................
. LaTeX info: "xparse/define-command"
. 
. Defining document command \expval with arg. spec. '' on line 588.
.................................................
.................................................
. LaTeX info: "xparse/define-command"
. 
. Defining document command \ev with arg. spec. '' on line 589.
.................................................
.................................................
. LaTeX info: "xparse/define-command"
. 
. Defining document command \vev with arg. spec. ' m ' on line 590.
.................................................
.................................................
. LaTeX info: "xparse/define-command"
. 
. Defining document command \matrixelement with arg. spec. ' s s m m m ' on
. line 601.
.................................................
.................................................
. LaTeX info: "xparse/define-command"
. 
. Defining document command \matrixel with arg. spec. '' on line 602.
.................................................
.................................................
. LaTeX info: "xparse/define-command"
. 
. Defining document command \mel with arg. spec. '' on line 603.
.................................................
.................................................
. LaTeX info: "xparse/define-command"
. 
. Defining document command \identitymatrix with arg. spec. 'm' on line 633.
.................................................
.................................................
. LaTeX info: "xparse/define-command"
. 
. Defining document command \imat with arg. spec. '' on line 634.
.................................................
.................................................
. LaTeX info: "xparse/define-command"
. 
. Defining document command \xmatrix with arg. spec. ' s m m m ' on line 659.
.................................................
.................................................
. LaTeX info: "xparse/define-command"
. 
. Defining document command \xmat with arg. spec. '' on line 660.
.................................................
.................................................
. LaTeX info: "xparse/define-command"
. 
. Defining document command \zeromatrix with arg. spec. ' m g ' on line 662.
.................................................
.................................................
. LaTeX info: "xparse/define-command"
. 
. Defining document command \zmat with arg. spec. '' on line 663.
.................................................
.................................................
. LaTeX info: "xparse/define-command"
. 
. Defining document command \paulixmatrix with arg. spec. '' on line 665.
.................................................
.................................................
. LaTeX info: "xparse/define-command"
. 
. Defining document command \pauliymatrix with arg. spec. '' on line 666.
.................................................
.................................................
. LaTeX info: "xparse/define-command"
. 
. Defining document command \paulizmatrix with arg. spec. '' on line 667.
.................................................
.................................................
. LaTeX info: "xparse/define-command"
. 
. Defining document command \paulimatrix with arg. spec. 'm' on line 678.
.................................................
.................................................
. LaTeX info: "xparse/define-command"
. 
. Defining document command \pmat with arg. spec. '' on line 679.
.................................................
.................................................
. LaTeX info: "xparse/define-command"
. 
. Defining document command \diagonalmatrix with arg. spec. 'O{} >{\SplitList
. {,}}m ' on line 681.
.................................................
.................................................
. LaTeX info: "xparse/define-command"
. 
. Defining document command \@dmat with arg. spec. 'mmggggggg' on line 714.
.................................................
.................................................
. LaTeX info: "xparse/define-command"
. 
. Defining document command \dmat with arg. spec. '' on line 715.
.................................................
.................................................
. LaTeX info: "xparse/define-command"
. 
. Defining document command \antidiagonalmatrix with arg. spec. 'O{}
. >{\SplitList {,}}m ' on line 717.
.................................................
.................................................
. LaTeX info: "xparse/define-command"
. 
. Defining document command \@admat with arg. spec. 'mmggggggg' on line 750.
.................................................
.................................................
. LaTeX info: "xparse/define-command"
. 
. Defining document command \admat with arg. spec. '' on line 751.
.................................................
.................................................
. LaTeX info: "xparse/define-command"
. 
. Defining document command \flatfrac with arg. spec. ' m m ' on line 754.
.................................................
.................................................
. LaTeX info: "xparse/define-command"
. 
. Defining document command \homework with arg. spec. '' on line 764.
.................................................
) (/usr/share/texlive/texmf-dist/tex/latex/graphics/graphicx.sty
Package: graphicx 1999/02/16 v1.0f Enhanced LaTeX Graphics (DPC,SPQR)

(/usr/share/texlive/texmf-dist/tex/latex/graphics/graphics.sty
Package: graphics 2009/02/05 v1.0o Standard LaTeX Graphics (DPC,SPQR)

(/usr/share/texlive/texmf-dist/tex/latex/graphics/trig.sty
Package: trig 1999/03/16 v1.09 sin cos tan (DPC)
)
(/usr/share/texlive/texmf-dist/tex/latex/latexconfig/graphics.cfg
File: graphics.cfg 2010/04/23 v1.9 graphics configuration of TeX Live
)
Package graphics Info: Driver file: pdftex.def on input line 91.
)
\Gin@req@height=\dimen161
\Gin@req@width=\dimen162
)
(/usr/share/texlive/texmf-dist/tex/latex/caption/caption.sty
Package: caption 2013/02/03 v3.3-65 Customizing captions (AR)

(/usr/share/texlive/texmf-dist/tex/latex/caption/caption3.sty
Package: caption3 2013/02/03 v1.5-62 caption3 kernel (AR)
\captionmargin=\dimen163
\captionmargin@=\dimen164
\captionwidth=\dimen165
\caption@tempdima=\dimen166
\caption@indent=\dimen167
\caption@parindent=\dimen168
\caption@hangindent=\dimen169
)
\c@ContinuedFloat=\count146
)
(./fancyposter.aux)
\openout1 = `fancyposter.aux'.

LaTeX Font Info:    Checking defaults for OML/cmm/m/it on input line 78.
LaTeX Font Info:    ... okay on input line 78.
LaTeX Font Info:    Checking defaults for T1/cmr/m/n on input line 78.
LaTeX Font Info:    ... okay on input line 78.
LaTeX Font Info:    Checking defaults for OT1/cmr/m/n on input line 78.
LaTeX Font Info:    ... okay on input line 78.
LaTeX Font Info:    Checking defaults for OMS/cmsy/m/n on input line 78.
LaTeX Font Info:    ... okay on input line 78.
LaTeX Font Info:    Checking defaults for OMX/cmex/m/n on input line 78.
LaTeX Font Info:    ... okay on input line 78.
LaTeX Font Info:    Checking defaults for U/cmr/m/n on input line 78.
LaTeX Font Info:    ... okay on input line 78.
LaTeX Font Info:    Checking defaults for TS1/cmr/m/n on input line 78.
LaTeX Font Info:    Try loading font information for TS1+cmr on input line 78.
 (/usr/share/texlive/texmf-dist/tex/latex/base/ts1cmr.fd
File: ts1cmr.fd 1999/05/25 v2.5h Standard LaTeX font definitions
)
LaTeX Font Info:    ... okay on input line 78.
LaTeX Font Info:    Try loading font information for T1+ppl on input line 78.

(/usr/share/texlive/texmf-dist/tex/latex/psnfss/t1ppl.fd
File: t1ppl.fd 2001/06/04 font definitions for T1/ppl.
)
*geometry* driver: auto-detecting
*geometry* detected driver: pdftex
*geometry* verbose mode - [ preamble ] result:
* driver: pdftex
* paper: <default>
* layout: <same size as paper>
* layoutoffset:(h,v)=(0.0pt,0.0pt)
* modes: 
* h-part:(L,W,R)=(170.71652pt, 2161.27155pt, 56.9055pt)
* v-part:(T,H,B)=(0.0pt, 3380.75665pt, 0.0pt)
* \paperwidth=2388.89357pt
* \paperheight=3380.75665pt
* \textwidth=2161.27155pt
* \textheight=3380.75665pt
* \oddsidemargin=98.44653pt
* \evensidemargin=98.44653pt
* \topmargin=-72.26999pt
* \headheight=0.0pt
* \headsep=0.0pt
* \topskip=0.0pt
* \footskip=30.0pt
* \marginparwidth=65.0pt
* \marginparsep=11.0pt
* \columnsep=56.9055pt
* \skip\footins=9.0pt plus 4.0pt minus 2.0pt
* \hoffset=-72.26999pt
* \voffset=-72.26999pt
* \mag=1000
* \@twocolumnfalse
* \@twosidefalse
* \@mparswitchfalse
* \@reversemarginfalse
* (1in=72.27pt=25.4mm, 1cm=28.453pt)

(/usr/share/texlive/texmf-dist/tex/context/base/supp-pdf.mkii
[Loading MPS to PDF converter (version 2006.09.02).]
\scratchcounter=\count147
\scratchdimen=\dimen170
\scratchbox=\box70
\nofMPsegments=\count148
\nofMParguments=\count149
\everyMPshowfont=\toks21
\MPscratchCnt=\count150
\MPscratchDim=\dimen171
\MPnumerator=\count151
\makeMPintoPDFobject=\count152
\everyMPtoPDFconversion=\toks22
) (/usr/share/texlive/texmf-dist/tex/generic/oberdiek/pdftexcmds.sty
Package: pdftexcmds 2011/11/29 v0.20 Utility functions of pdfTeX for LuaTeX (HO
)

(/usr/share/texlive/texmf-dist/tex/generic/oberdiek/ifluatex.sty
Package: ifluatex 2010/03/01 v1.3 Provides the ifluatex switch (HO)
Package ifluatex Info: LuaTeX not detected.
)
Package pdftexcmds Info: LuaTeX not detected.
Package pdftexcmds Info: \pdf@primitive is available.
Package pdftexcmds Info: \pdf@ifprimitive is available.
Package pdftexcmds Info: \pdfdraftmode found.
)
(/usr/share/texlive/texmf-dist/tex/latex/oberdiek/epstopdf-base.sty
Package: epstopdf-base 2010/02/09 v2.5 Base part for package epstopdf

(/usr/share/texlive/texmf-dist/tex/latex/oberdiek/grfext.sty
Package: grfext 2010/08/19 v1.1 Manage graphics extensions (HO)

(/usr/share/texlive/texmf-dist/tex/generic/oberdiek/kvdefinekeys.sty
Package: kvdefinekeys 2011/04/07 v1.3 Define keys (HO)
))
(/usr/share/texlive/texmf-dist/tex/latex/oberdiek/kvoptions.sty
Package: kvoptions 2011/06/30 v3.11 Key value format for package options (HO)

(/usr/share/texlive/texmf-dist/tex/generic/oberdiek/kvsetkeys.sty
Package: kvsetkeys 2012/04/25 v1.16 Key value parser (HO)

(/usr/share/texlive/texmf-dist/tex/generic/oberdiek/etexcmds.sty
Package: etexcmds 2011/02/16 v1.5 Avoid name clashes with e-TeX commands (HO)
Package etexcmds Info: Could not find \expanded.
(etexcmds)             That can mean that you are not using pdfTeX 1.50 or
(etexcmds)             that some package has redefined \expanded.
(etexcmds)             In the latter case, load this package earlier.
)))
Package grfext Info: Graphics extension search list:
(grfext)             [.png,.pdf,.jpg,.mps,.jpeg,.jbig2,.jb2,.PNG,.PDF,.JPG,.JPE
G,.JBIG2,.JB2,.eps]
(grfext)             \AppendGraphicsExtensions on input line 452.

(/usr/share/texlive/texmf-dist/tex/latex/latexconfig/epstopdf-sys.cfg
File: epstopdf-sys.cfg 2010/07/13 v1.3 Configuration of (r)epstopdf for TeX Liv
e
))
Package caption Info: Begin \AtBeginDocument code.
Package caption Info: End \AtBeginDocument code.
LaTeX Font Info:    Try loading font information for T1+cmss on input line 85.

(/usr/share/texlive/texmf-dist/tex/latex/base/t1cmss.fd
File: t1cmss.fd 1999/05/25 v2.5h Standard LaTeX font definitions
)

LaTeX Font Warning: Font shape `T1/cmss/m/n' in size <51.6> not available
(Font)              size <35.83> substituted on input line 85.

LaTeX Font Info:    Font shape `T1/ppl/bx/n' in size <51.6> not available
(Font)              Font shape `T1/ppl/b/n' tried instead on input line 85.
LaTeX Font Info:    Font shape `T1/ppl/bx/n' in size <29.86> not available
(Font)              Font shape `T1/ppl/b/n' tried instead on input line 85.
LaTeX Font Info:    Try loading font information for OT1+ppl on input line 85.
(/usr/share/texlive/texmf-dist/tex/latex/psnfss/ot1ppl.fd
File: ot1ppl.fd 2001/06/04 font definitions for OT1/ppl.
)
LaTeX Font Info:    Try loading font information for OML+zplm on input line 85.


(/usr/share/texlive/texmf-dist/tex/latex/psnfss/omlzplm.fd
File: omlzplm.fd 2002/09/08 Fontinst v1.914 font definitions for OML/zplm.
)
LaTeX Font Info:    Try loading font information for OMS+zplm on input line 85.


(/usr/share/texlive/texmf-dist/tex/latex/psnfss/omszplm.fd
File: omszplm.fd 2002/09/08 Fontinst v1.914 font definitions for OMS/zplm.
)
LaTeX Font Info:    Try loading font information for OMX+zplm on input line 85.


(/usr/share/texlive/texmf-dist/tex/latex/psnfss/omxzplm.fd
File: omxzplm.fd 2002/09/08 Fontinst v1.914 font definitions for OMX/zplm.
)
LaTeX Font Info:    Try loading font information for OT1+zplm on input line 85.


(/usr/share/texlive/texmf-dist/tex/latex/psnfss/ot1zplm.fd
File: ot1zplm.fd 2002/09/08 Fontinst v1.914 font definitions for OT1/zplm.
)
Overfull \hbox (1187.9574pt too wide) in paragraph at lines 80--87
[]  [][][][][][]
 []

LaTeX Font Info:    Try loading font information for TS1+ppl on input line 94.
(/usr/share/texlive/texmf-dist/tex/latex/psnfss/ts1ppl.fd
File: ts1ppl.fd 2001/06/04 font definitions for TS1/ppl.
)
Overfull \hbox (34.16013pt too wide) in paragraph at lines 100--101
[][][][]
 []

<images/spins1.png, id=1, 858.20625pt x 583.42969pt>
File: images/spins1.png Graphic file (type png)
 <use images/spins1.png>
Package pdftex.def Info: images/spins1.png used on input line 119.
(pdftex.def)             Requested size: 623.36038pt x 423.78136pt.

Underfull \hbox (badness 5231) in paragraph at lines 118--120
\T1/ppl/m/n/24.88 bath de-grees of free-dom, and ex-pand-ing to first
 []


Overfull \hbox (34.16013pt too wide) in paragraph at lines 122--123
[][][][]
 []

(./fancyposter.bbl
LaTeX Font Info:    Font shape `T1/ppl/bx/n' in size <35.83> not available
(Font)              Font shape `T1/ppl/b/n' tried instead on input line 1.
)
Overfull \hbox (34.16013pt too wide) in paragraph at lines 127--129
[][][][]
 []

<images/mps.pdf, id=2, 471.7625pt x 84.315pt>
File: images/mps.pdf Graphic file (type pdf)
 <use images/mps.pdf>
Package pdftex.def Info: images/mps.pdf used on input line 133.
(pdftex.def)             Requested size: 648.36041pt x 115.87877pt.

Overfull \hbox (42.67912pt too wide) in paragraph at lines 133--134
[] [] 
 []

<images/D.pdf, id=3, 93.34875pt x 69.25874pt>
File: images/D.pdf Graphic file (type pdf)
 <use images/D.pdf>
Package pdftex.def Info: images/D.pdf used on input line 161.
(pdftex.def)             Requested size: 623.36038pt x 462.67097pt.

Overfull \hbox (34.16013pt too wide) in paragraph at lines 167--168
[][][][]
 []

<images/dyn_trans.png, id=4, 1213.53375pt x 433.62pt>
File: images/dyn_trans.png Graphic file (type png)

<use images/dyn_trans.png>
Package pdftex.def Info: images/dyn_trans.png used on input line 176.
(pdftex.def)             Requested size: 623.36038pt x 222.74446pt.

Underfull \hbox (badness 10000) in paragraph at lines 175--177
[]\T1/ppl/m/n/24.88 By anal-ogy to the en-sem-bles of mi-crostates of
 []


Underfull \hbox (badness 5817) in paragraph at lines 175--177
\T1/ppl/m/n/24.88 equi-lib-rium sta-tis-ti-cal me-chan-ics, in the study of
 []


Underfull \hbox (badness 10000) in paragraph at lines 175--177
\T1/ppl/m/n/24.88 glass form-ing sys-tems (and else-where) en-sem-
 []

LaTeX Font Info:    Try loading font information for U+fplmbb on input line 181
.
(/usr/share/texlive/texmf-dist/tex/latex/psnfss/ufplmbb.fd
File: ufplmbb.fd 2003/10/30 Fontinst v1.914 font definitions for U/fplmbb.
)
<images/kcm.pdf, id=5, 162.6075pt x 163.61125pt>
File: images/kcm.pdf Graphic file (type pdf)
 <use images/kcm.pdf>
Package pdftex.def Info: images/kcm.pdf used on input line 194.
(pdftex.def)             Requested size: 648.36041pt x 652.54102pt.

Overfull \hbox (34.16013pt too wide) in paragraph at lines 196--199
[][][][]
 []

<images/keldysh.pdf, id=6, 1069.9975pt x 220.825pt>
File: images/keldysh.pdf Graphic file (type pdf)
 <use images/keldysh.pdf>
Package pdftex.def Info: images/keldysh.pdf used on input line 202.
(pdftex.def)             Requested size: 2161.27155pt x 446.14044pt.


LaTeX Warning: `h' float specifier changed to `ht'.

[1


Non-PDF special ignored!{/usr/share/texlive/texmf/fonts/map/pdftex/updmap/pdfte
x.map} <./images/spins1.png> <./images/mps.pdf> <./images/D.pdf> <./images/dyn_
trans.png> <./images/kcm.pdf>] [2 <./images/keldysh.pdf>] (./fancyposter.aux)

LaTeX Font Warning: Size substitutions with differences
(Font)              up to 15.77pt have occurred.

 ) 
Here is how much of TeX's memory you used:
 10376 strings out of 495063
 176761 string characters out of 3182201
 265650 words of memory out of 3000000
 13352 multiletter control sequences out of 15000+200000
 33400 words of font info for 79 fonts, out of 3000000 for 9000
 14 hyphenation exceptions out of 8191
 44i,13n,39p,397b,1372s stack positions out of 5000i,500n,10000p,200000b,50000s
{/usr/share/texlive/texmf-dist/fonts/enc/dvips/base/8r.enc}</usr/share/texliv
e/texmf-dist/fonts/type1/public/amsfonts/cm/cmex10.pfb></usr/share/texlive/texm
f-dist/fonts/type1/public/amsfonts/cm/cmmi10.pfb></usr/share/texlive/texmf-dist
/fonts/type1/public/amsfonts/cm/cmr10.pfb></usr/share/texlive/texmf-dist/fonts/
type1/public/amsfonts/cm/cmsy10.pfb></usr/share/texlive/texmf-dist/fonts/type1/
public/mathpazo/fplmbb.pfb></usr/share/texlive/texmf-dist/fonts/type1/public/ma
thpazo/fplmr.pfb></usr/share/texlive/texmf-dist/fonts/type1/public/mathpazo/fpl
mri.pfb></usr/share/texlive/texmf-dist/fonts/type1/urw/palatino/uplb8a.pfb></us
r/share/texlive/texmf-dist/fonts/type1/urw/palatino/uplr8a.pfb></usr/share/texl
ive/texmf-dist/fonts/type1/urw/palatino/uplri8a.pfb>
Output written on fancyposter.pdf (2 pages, 411573 bytes).
PDF statistics:
 74 PDF objects out of 1000 (max. 8388607)
 53 compressed objects within 1 object stream
 0 named destinations out of 1000 (max. 500000)
 31 words of extra memory for PDF output out of 10000 (max. 10000000)

